<?xml version="1.0" encoding="UTF-8"?>
<!-- Generated by org.testng.reporters.JUnitReportReporter -->
<testsuite hostname="LAPTOP-RBLFDP3S" failures="0" tests="1" name="com.training.tests.OpportunityTest" time="6.964" errors="0" timestamp="2022-11-25T08:14:49 PST" skipped="0">
  <testcase classname="com.training.tests.OpportunityTest" name="tc19opportunityReport" time="6.964"/>
  <system-out/>
</testsuite> <!-- com.training.tests.OpportunityTest -->
