<?xml version="1.0" encoding="UTF-8"?>
<!-- Generated by org.testng.reporters.JUnitReportReporter -->
<testsuite hostname="LAPTOP-RBLFDP3S" failures="0" tests="5" name="com.training.tests.LoginTest" time="32.295" errors="0" timestamp="2023-01-15T11:56:00 PST" skipped="0">
  <testcase classname="com.training.tests.LoginTest" name="tc4bForgotpassword" time="3.915"/>
  <system-out/>
  <testcase classname="com.training.tests.LoginTest" name="tc02validUserName" time="7.967"/>
  <system-out/>
  <testcase classname="com.training.tests.LoginTest" name="tc03rememberMe" time="12.401"/>
  <system-out/>
  <testcase classname="com.training.tests.LoginTest" name="tC01Loginerror" time="3.999"/>
  <system-out/>
  <testcase classname="com.training.tests.LoginTest" name="tc4aForgotpassword" time="4.013"/>
  <system-out/>
</testsuite> <!-- com.training.tests.LoginTest -->
